{
  "stats": {
    "suites": 1,
    "tests": 1,
    "passes": 1,
    "pending": 0,
    "failures": 0,
    "start": "2023-04-27T15:50:33.877Z",
    "end": "2023-04-27T15:50:34.402Z",
    "duration": 525,
    "testsRegistered": 1,
    "passPercent": 100,
    "pendingPercent": 0,
    "other": 0,
    "hasOther": false,
    "skipped": 0,
    "hasSkipped": false
  },
  "results": [
    {
      "uuid": "5efbf712-6bff-4914-98b1-4f4ad1f8f67a",
      "title": "",
      "fullFile": "cypress/integration/Users/tests/POST.user.spec.js",
      "file": "cypress/integration/Users/tests/POST.user.spec.js",
      "beforeHooks": [],
      "afterHooks": [],
      "tests": [],
      "suites": [
        {
          "uuid": "cf6ddc64-8c80-4389-9d0c-c44146ee0984",
          "title": "POST /produtos",
          "fullFile": "",
          "file": "",
          "beforeHooks": [],
          "afterHooks": [],
          "tests": [
            {
              "title": "Should insert a product",
              "fullTitle": "POST /produtos Should insert a product",
              "timedOut": null,
              "duration": 504,
              "state": "passed",
              "speed": "slow",
              "pass": true,
              "fail": false,
              "pending": false,
              "context": null,
              "code": "POSTprodutos.createProduct(body).as('response');\ncy.get('@response').then(function (response) {\n  expect(response.status).to.be.equal(201);\n});",
              "err": {},
              "uuid": "6ef1274f-6853-419e-8e8c-87d2b66c9fb6",
              "parentUUID": "cf6ddc64-8c80-4389-9d0c-c44146ee0984",
              "isHook": false,
              "skipped": false
            }
          ],
          "suites": [],
          "passes": [
            "6ef1274f-6853-419e-8e8c-87d2b66c9fb6"
          ],
          "failures": [],
          "pending": [],
          "skipped": [],
          "duration": 504,
          "root": false,
          "rootEmpty": false,
          "_timeout": 2000
        }
      ],
      "passes": [],
      "failures": [],
      "pending": [],
      "skipped": [],
      "duration": 0,
      "root": true,
      "rootEmpty": true,
      "_timeout": 2000
    }
  ],
  "meta": {
    "mocha": {
      "version": "7.0.1"
    },
    "mochawesome": {
      "options": {
        "quiet": false,
        "reportFilename": "mochawesome",
        "saveHtml": false,
        "saveJson": true,
        "consoleReporter": "spec",
        "useInlineDiffs": false,
        "code": true
      },
      "version": "6.3.1"
    },
    "marge": {
      "options": {
        "id": "default",
        "reportDir": "cypress/results/json",
        "overwrite": false,
        "html": false,
        "json": true
      },
      "version": "5.2.0"
    }
  }
}